<?xml version="1.0" encoding="UTF-8"?>
<!-- Generated by org.testng.reporters.JUnitXMLReporter -->
<testsuite ignored="0" hostname="Aruna" failures="0" tests="5" name="Default test" time="4.072" errors="0" timestamp="2025-03-26T12:47:05 IST">
  <testcase classname="com.RestAssured.Day1.CRUD_Requests" name="Get_Single_user" time="1.815"/>
  <testcase classname="com.RestAssured.Day1.CRUD_Requests" name="datavalidation" time="0.632"/>
  <testcase classname="com.RestAssured.Day1.CRUD_Requests" name="create_user" time="0.73"/>
  <testcase classname="com.RestAssured.Day1.CRUD_Requests" name="update_user" time="0.426"/>
  <testcase classname="com.RestAssured.Day1.CRUD_Requests" name="delete_user" time="0.403"/>
</testsuite> <!-- Default test -->
